<?xml version="1.0" encoding="UTF-8"?>
<!-- Generated by org.testng.reporters.JUnitReportReporter -->
<testsuite hostname="rajankumars-MBP.home" name="Testcases.Testcase4" tests="1" failures="0" timestamp="6 May 2018 01:45:40 GMT" time="0.000" errors="0">
  <testcase name="printTestCaseName4" time="0.000" classname="Testcases.Testcase4"/>
</testsuite> <!-- Testcases.Testcase4 -->
