<?xml version="1.0" encoding="UTF-8"?>
<!-- Generated by org.testng.reporters.JUnitReportReporter -->
<testsuite skipped="0" hostname="rajankumars-MBP.home" name="Testcases.Testcase5" tests="1" failures="0" timestamp="15 May 2018 00:18:32 GMT" time="0.000" errors="0">
  <testcase name="printTestCaseName5" time="0.000" classname="Testcases.Testcase5"/>
</testsuite> <!-- Testcases.Testcase5 -->
